{"/Users/jemin/Desktop/JEMIN/XanPool/currency-converter/index.ts": {"path":"/Users/jemin/Desktop/JEMIN/XanPool/currency-converter/index.ts","statementMap":{"0":{"start":{"line":6,"column":0},"end":{"line":6,"column":30}},"1":{"start":{"line":7,"column":0},"end":{"line":7,"column":39}},"2":{"start":{"line":12,"column":13},"end":{"line":12,"column":43}},"3":{"start":{"line":13,"column":0},"end":{"line":13,"column":21}},"4":{"start":{"line":14,"column":0},"end":{"line":14,"column":46}},"5":{"start":{"line":15,"column":0},"end":{"line":15,"column":45}},"6":{"start":{"line":20,"column":0},"end":{"line":29,"column":3}},"7":{"start":{"line":21,"column":4},"end":{"line":21,"column":50}},"8":{"start":{"line":22,"column":4},"end":{"line":22,"column":54}},"9":{"start":{"line":23,"column":4},"end":{"line":25,"column":6}},"10":{"start":{"line":26,"column":4},"end":{"line":28,"column":6}}},"fnMap":{"0":{"name":"(anonymous_0)","decl":{"start":{"line":20,"column":65},"end":{"line":20,"column":68}},"loc":{"start":{"line":20,"column":70},"end":{"line":29,"column":1}}}},"branchMap":{"0":{"loc":{"start":{"line":20,"column":32},"end":{"line":20,"column":48}},"type":"binary-expr","locations":[{"start":{"line":20,"column":32},"end":{"line":20,"column":48}},{"start":{"line":20,"column":52},"end":{"line":20,"column":63}}]}},"s":{"0":1,"1":1,"2":1,"3":1,"4":1,"5":1,"6":1,"7":1,"8":1,"9":1,"10":1},"f":{"0":1},"b":{"0":[1,0]}}
,"/Users/jemin/Desktop/JEMIN/XanPool/currency-converter/config/express.ts": {"path":"/Users/jemin/Desktop/JEMIN/XanPool/currency-converter/config/express.ts","statementMap":{"0":{"start":{"line":6,"column":0},"end":{"line":6,"column":53}},"1":{"start":{"line":7,"column":0},"end":{"line":7,"column":24}},"2":{"start":{"line":8,"column":0},"end":{"line":8,"column":30}},"3":{"start":{"line":9,"column":0},"end":{"line":9,"column":29}},"4":{"start":{"line":10,"column":0},"end":{"line":10,"column":52}},"5":{"start":{"line":11,"column":0},"end":{"line":11,"column":49}},"6":{"start":{"line":12,"column":0},"end":{"line":12,"column":77}},"7":{"start":{"line":13,"column":0},"end":{"line":13,"column":29}},"8":{"start":{"line":17,"column":11},"end":{"line":17,"column":59}},"9":{"start":{"line":20,"column":11},"end":{"line":55,"column":null}},"10":{"start":{"line":24,"column":8},"end":{"line":24,"column":33}},"11":{"start":{"line":28,"column":8},"end":{"line":44,"column":12}},"12":{"start":{"line":34,"column":16},"end":{"line":36,"column":null}},"13":{"start":{"line":35,"column":20},"end":{"line":35,"column":48}},"14":{"start":{"line":37,"column":16},"end":{"line":41,"column":null}},"15":{"start":{"line":38,"column":32},"end":{"line":39,"column":51}},"16":{"start":{"line":40,"column":20},"end":{"line":40,"column":59}},"17":{"start":{"line":42,"column":16},"end":{"line":42,"column":44}},"18":{"start":{"line":45,"column":8},"end":{"line":45,"column":44}},"19":{"start":{"line":49,"column":8},"end":{"line":49,"column":59}},"20":{"start":{"line":50,"column":8},"end":{"line":50,"column":58}},"21":{"start":{"line":54,"column":8},"end":{"line":54,"column":65}},"22":{"start":{"line":56,"column":11},"end":{"line":59,"column":null}},"23":{"start":{"line":57,"column":8},"end":{"line":57,"column":38}},"24":{"start":{"line":58,"column":8},"end":{"line":58,"column":75}},"25":{"start":{"line":60,"column":11},"end":{"line":62,"column":null}},"26":{"start":{"line":61,"column":8},"end":{"line":61,"column":37}},"27":{"start":{"line":65,"column":0},"end":{"line":65,"column":23}}},"fnMap":{"0":{"name":"(anonymous_0)","decl":{"start":{"line":15,"column":0},"end":{"line":15,"column":6}},"loc":{"start":{"line":15,"column":0},"end":{"line":63,"column":1}}},"1":{"name":"(anonymous_1)","decl":{"start":{"line":20,"column":18},"end":{"line":20,"column":27}},"loc":{"start":{"line":20,"column":29},"end":{"line":55,"column":5}}},"2":{"name":"(anonymous_2)","decl":{"start":{"line":29,"column":12},"end":{"line":29,"column":18}},"loc":{"start":{"line":29,"column":35},"end":{"line":43,"column":13}}},"3":{"name":"(anonymous_3)","decl":{"start":{"line":56,"column":23},"end":{"line":56,"column":24}},"loc":{"start":{"line":56,"column":42},"end":{"line":59,"column":5}}},"4":{"name":"(anonymous_4)","decl":{"start":{"line":60,"column":22},"end":{"line":60,"column":31}},"loc":{"start":{"line":60,"column":33},"end":{"line":62,"column":5}}}},"branchMap":{"0":{"loc":{"start":{"line":34,"column":16},"end":{"line":36,"column":null}},"type":"if","locations":[{"start":{"line":34,"column":16},"end":{"line":36,"column":null}},{"start":{"line":34,"column":16},"end":{"line":36,"column":null}}]},"1":{"loc":{"start":{"line":37,"column":16},"end":{"line":41,"column":null}},"type":"if","locations":[{"start":{"line":37,"column":16},"end":{"line":41,"column":null}},{"start":{"line":37,"column":16},"end":{"line":41,"column":null}}]}},"s":{"0":1,"1":1,"2":1,"3":1,"4":1,"5":1,"6":1,"7":1,"8":1,"9":1,"10":1,"11":1,"12":4,"13":4,"14":0,"15":0,"16":0,"17":0,"18":1,"19":1,"20":1,"21":1,"22":1,"23":1,"24":1,"25":1,"26":1,"27":1},"f":{"0":1,"1":1,"2":4,"3":1,"4":1},"b":{"0":[4,0],"1":[0,0]}}
,"/Users/jemin/Desktop/JEMIN/XanPool/currency-converter/config/index.ts": {"path":"/Users/jemin/Desktop/JEMIN/XanPool/currency-converter/config/index.ts","statementMap":{"0":{"start":{"line":6,"column":0},"end":{"line":6,"column":28}},"1":{"start":{"line":7,"column":0},"end":{"line":7,"column":16}},"2":{"start":{"line":8,"column":0},"end":{"line":11,"column":2}}},"fnMap":{},"branchMap":{},"s":{"0":1,"1":1,"2":1},"f":{},"b":{}}
,"/Users/jemin/Desktop/JEMIN/XanPool/currency-converter/server/constants.ts": {"path":"/Users/jemin/Desktop/JEMIN/XanPool/currency-converter/server/constants.ts","statementMap":{"0":{"start":{"line":1,"column":13},"end":{"line":1,"column":59}}},"fnMap":{},"branchMap":{},"s":{"0":4},"f":{},"b":{}}
,"/Users/jemin/Desktop/JEMIN/XanPool/currency-converter/server/controllers/CurrencyController.ts": {"path":"/Users/jemin/Desktop/JEMIN/XanPool/currency-converter/server/controllers/CurrencyController.ts","statementMap":{"0":{"start":{"line":2,"column":0},"end":{"line":2,"column":56}},"1":{"start":{"line":3,"column":0},"end":{"line":3,"column":80}},"2":{"start":{"line":4,"column":0},"end":{"line":4,"column":64}},"3":{"start":{"line":6,"column":31},"end":{"line":29,"column":2}},"4":{"start":{"line":10,"column":4},"end":{"line":29,"column":2}},"5":{"start":{"line":11,"column":20},"end":{"line":11,"column":38}},"6":{"start":{"line":12,"column":4},"end":{"line":28,"column":null}},"7":{"start":{"line":13,"column":19},"end":{"line":13,"column":49}},"8":{"start":{"line":14,"column":8},"end":{"line":23,"column":null}},"9":{"start":{"line":15,"column":31},"end":{"line":15,"column":49}},"10":{"start":{"line":16,"column":12},"end":{"line":18,"column":null}},"11":{"start":{"line":17,"column":16},"end":{"line":17,"column":82}},"12":{"start":{"line":19,"column":12},"end":{"line":19,"column":88}},"13":{"start":{"line":20,"column":12},"end":{"line":20,"column":49}},"14":{"start":{"line":21,"column":12},"end":{"line":21,"column":93}},"15":{"start":{"line":22,"column":12},"end":{"line":22,"column":47}},"16":{"start":{"line":24,"column":8},"end":{"line":24,"column":43}},"17":{"start":{"line":26,"column":8},"end":{"line":26,"column":78}},"18":{"start":{"line":27,"column":8},"end":{"line":27,"column":74}},"19":{"start":{"line":6,"column":13},"end":{"line":6,"column":31}}},"fnMap":{"0":{"name":"(anonymous_0)","decl":{"start":{"line":6,"column":31},"end":{"line":6,"column":null}},"loc":{"start":{"line":10,"column":4},"end":{"line":29,"column":2}}},"1":{"name":"(anonymous_1)","decl":{"start":{"line":10,"column":4},"end":{"line":10,"column":null}},"loc":{"start":{"line":10,"column":4},"end":{"line":29,"column":1}}}},"branchMap":{"0":{"loc":{"start":{"line":14,"column":8},"end":{"line":23,"column":null}},"type":"if","locations":[{"start":{"line":14,"column":8},"end":{"line":23,"column":null}},{"start":{"line":14,"column":8},"end":{"line":23,"column":null}}]},"1":{"loc":{"start":{"line":16,"column":12},"end":{"line":18,"column":null}},"type":"if","locations":[{"start":{"line":16,"column":12},"end":{"line":18,"column":null}},{"start":{"line":16,"column":12},"end":{"line":18,"column":null}}]}},"s":{"0":2,"1":2,"2":2,"3":2,"4":4,"5":4,"6":4,"7":4,"8":4,"9":3,"10":3,"11":1,"12":2,"13":1,"14":1,"15":1,"16":1,"17":1,"18":1,"19":2},"f":{"0":4,"1":4},"b":{"0":[3,1],"1":[1,2]}}
,"/Users/jemin/Desktop/JEMIN/XanPool/currency-converter/server/graphql/resolvers/CurrencyConverter.ts": {"path":"/Users/jemin/Desktop/JEMIN/XanPool/currency-converter/server/graphql/resolvers/CurrencyConverter.ts","statementMap":{"0":{"start":{"line":6,"column":0},"end":{"line":6,"column":59}},"1":{"start":{"line":7,"column":0},"end":{"line":7,"column":83}},"2":{"start":{"line":8,"column":0},"end":{"line":8,"column":67}},"3":{"start":{"line":13,"column":26},"end":{"line":34,"column":2}},"4":{"start":{"line":14,"column":50},"end":{"line":33,"column":null}},"5":{"start":{"line":15,"column":8},"end":{"line":32,"column":null}},"6":{"start":{"line":16,"column":28},"end":{"line":16,"column":40}},"7":{"start":{"line":17,"column":23},"end":{"line":17,"column":53}},"8":{"start":{"line":18,"column":12},"end":{"line":27,"column":null}},"9":{"start":{"line":19,"column":35},"end":{"line":19,"column":53}},"10":{"start":{"line":20,"column":16},"end":{"line":22,"column":null}},"11":{"start":{"line":21,"column":24},"end":{"line":21,"column":65}},"12":{"start":{"line":23,"column":16},"end":{"line":23,"column":92}},"13":{"start":{"line":24,"column":16},"end":{"line":24,"column":53}},"14":{"start":{"line":25,"column":16},"end":{"line":25,"column":97}},"15":{"start":{"line":26,"column":16},"end":{"line":26,"column":39}},"16":{"start":{"line":28,"column":12},"end":{"line":28,"column":35}},"17":{"start":{"line":30,"column":12},"end":{"line":30,"column":85}},"18":{"start":{"line":31,"column":12},"end":{"line":31,"column":22}},"19":{"start":{"line":36,"column":9},"end":{"line":36,"column":26}}},"fnMap":{"0":{"name":"(anonymous_0)","decl":{"start":{"line":14,"column":18},"end":{"line":14,"column":25}},"loc":{"start":{"line":14,"column":50},"end":{"line":33,"column":null}}},"1":{"name":"(anonymous_1)","decl":{"start":{"line":14,"column":50},"end":{"line":14,"column":null}},"loc":{"start":{"line":14,"column":50},"end":{"line":33,"column":5}}}},"branchMap":{"0":{"loc":{"start":{"line":18,"column":12},"end":{"line":27,"column":null}},"type":"if","locations":[{"start":{"line":18,"column":12},"end":{"line":27,"column":null}},{"start":{"line":18,"column":12},"end":{"line":27,"column":null}}]},"1":{"loc":{"start":{"line":20,"column":16},"end":{"line":22,"column":null}},"type":"if","locations":[{"start":{"line":20,"column":16},"end":{"line":22,"column":null}},{"start":{"line":20,"column":16},"end":{"line":22,"column":null}}]}},"s":{"0":1,"1":1,"2":1,"3":1,"4":4,"5":4,"6":4,"7":4,"8":4,"9":3,"10":3,"11":1,"12":2,"13":1,"14":1,"15":1,"16":1,"17":2,"18":2,"19":1},"f":{"0":4,"1":4},"b":{"0":[3,1],"1":[1,2]}}
,"/Users/jemin/Desktop/JEMIN/XanPool/currency-converter/server/graphql/resolvers/index.ts": {"path":"/Users/jemin/Desktop/JEMIN/XanPool/currency-converter/server/graphql/resolvers/index.ts","statementMap":{"0":{"start":{"line":6,"column":0},"end":{"line":6,"column":56}},"1":{"start":{"line":8,"column":21},"end":{"line":13,"column":2}},"2":{"start":{"line":15,"column":0},"end":{"line":15,"column":28}}},"fnMap":{},"branchMap":{},"s":{"0":1,"1":1,"2":1},"f":{},"b":{}}
,"/Users/jemin/Desktop/JEMIN/XanPool/currency-converter/server/graphql/schema/index.ts": {"path":"/Users/jemin/Desktop/JEMIN/XanPool/currency-converter/server/graphql/schema/index.ts","statementMap":{"0":{"start":{"line":6,"column":0},"end":{"line":6,"column":44}},"1":{"start":{"line":8,"column":0},"end":{"line":8,"column":43}},"2":{"start":{"line":10,"column":17},"end":{"line":19,"column":2}},"3":{"start":{"line":21,"column":42},"end":{"line":24,"column":2}},"4":{"start":{"line":26,"column":0},"end":{"line":26,"column":22}}},"fnMap":{},"branchMap":{},"s":{"0":1,"1":1,"2":1,"3":1,"4":1},"f":{},"b":{}}
,"/Users/jemin/Desktop/JEMIN/XanPool/currency-converter/server/router/router.ts": {"path":"/Users/jemin/Desktop/JEMIN/XanPool/currency-converter/server/router/router.ts","statementMap":{"0":{"start":{"line":1,"column":0},"end":{"line":1,"column":58}},"1":{"start":{"line":2,"column":0},"end":{"line":2,"column":68}},"2":{"start":{"line":4,"column":13},"end":{"line":4,"column":45}},"3":{"start":{"line":6,"column":0},"end":{"line":6,"column":61}}},"fnMap":{},"branchMap":{},"s":{"0":2,"1":2,"2":2,"3":2},"f":{},"b":{}}
,"/Users/jemin/Desktop/JEMIN/XanPool/currency-converter/server/service/CacheService.ts": {"path":"/Users/jemin/Desktop/JEMIN/XanPool/currency-converter/server/service/CacheService.ts","statementMap":{"0":{"start":{"line":1,"column":0},"end":{"line":1,"column":79}},"1":{"start":{"line":2,"column":0},"end":{"line":2,"column":64}},"2":{"start":{"line":8,"column":30},"end":{"line":8,"column":52}},"3":{"start":{"line":10,"column":12},"end":{"line":10,"column":21}},"4":{"start":{"line":12,"column":24},"end":{"line":14,"column":1}},"5":{"start":{"line":13,"column":4},"end":{"line":13,"column":26}},"6":{"start":{"line":12,"column":13},"end":{"line":12,"column":24}},"7":{"start":{"line":16,"column":24},"end":{"line":19,"column":1}},"8":{"start":{"line":17,"column":4},"end":{"line":17,"column":26}},"9":{"start":{"line":18,"column":4},"end":{"line":18,"column":16}},"10":{"start":{"line":16,"column":13},"end":{"line":16,"column":24}},"11":{"start":{"line":21,"column":43},"end":{"line":30,"column":2}},"12":{"start":{"line":21,"column":54},"end":{"line":30,"column":2}},"13":{"start":{"line":22,"column":4},"end":{"line":22,"column":22}},"14":{"start":{"line":23,"column":18},"end":{"line":23,"column":55}},"15":{"start":{"line":24,"column":4},"end":{"line":29,"column":7}},"16":{"start":{"line":24,"column":52},"end":{"line":29,"column":6}},"17":{"start":{"line":25,"column":27},"end":{"line":25,"column":45}},"18":{"start":{"line":26,"column":21},"end":{"line":26,"column":71}},"19":{"start":{"line":27,"column":8},"end":{"line":27,"column":32}},"20":{"start":{"line":28,"column":8},"end":{"line":28,"column":76}},"21":{"start":{"line":21,"column":13},"end":{"line":21,"column":43}}},"fnMap":{"0":{"name":"(anonymous_0)","decl":{"start":{"line":12,"column":24},"end":{"line":12,"column":25}},"loc":{"start":{"line":12,"column":32},"end":{"line":14,"column":1}}},"1":{"name":"(anonymous_1)","decl":{"start":{"line":16,"column":24},"end":{"line":16,"column":25}},"loc":{"start":{"line":16,"column":39},"end":{"line":19,"column":1}}},"2":{"name":"(anonymous_2)","decl":{"start":{"line":21,"column":43},"end":{"line":21,"column":52}},"loc":{"start":{"line":21,"column":54},"end":{"line":30,"column":2}}},"3":{"name":"(anonymous_3)","decl":{"start":{"line":21,"column":54},"end":{"line":21,"column":null}},"loc":{"start":{"line":21,"column":54},"end":{"line":30,"column":1}}},"4":{"name":"(anonymous_4)","decl":{"start":{"line":24,"column":34},"end":{"line":24,"column":41}},"loc":{"start":{"line":24,"column":52},"end":{"line":29,"column":6}}},"5":{"name":"(anonymous_5)","decl":{"start":{"line":24,"column":52},"end":{"line":24,"column":null}},"loc":{"start":{"line":24,"column":52},"end":{"line":29,"column":5}}}},"branchMap":{},"s":{"0":3,"1":3,"2":3,"3":3,"4":3,"5":9,"6":3,"7":3,"8":22,"9":22,"10":3,"11":3,"12":4,"13":4,"14":4,"15":4,"16":8,"17":8,"18":8,"19":8,"20":8,"21":3},"f":{"0":9,"1":22,"2":4,"3":4,"4":8,"5":8},"b":{}}
,"/Users/jemin/Desktop/JEMIN/XanPool/currency-converter/server/service/CurrencyConverterService.ts": {"path":"/Users/jemin/Desktop/JEMIN/XanPool/currency-converter/server/service/CurrencyConverterService.ts","statementMap":{"0":{"start":{"line":1,"column":0},"end":{"line":1,"column":26}},"1":{"start":{"line":2,"column":0},"end":{"line":2,"column":41}},"2":{"start":{"line":3,"column":0},"end":{"line":3,"column":63}},"3":{"start":{"line":5,"column":27},"end":{"line":13,"column":2}},"4":{"start":{"line":5,"column":38},"end":{"line":13,"column":2}},"5":{"start":{"line":6,"column":4},"end":{"line":12,"column":null}},"6":{"start":{"line":7,"column":25},"end":{"line":7,"column":92}},"7":{"start":{"line":8,"column":8},"end":{"line":8,"column":35}},"8":{"start":{"line":10,"column":8},"end":{"line":10,"column":98}},"9":{"start":{"line":11,"column":8},"end":{"line":11,"column":20}},"10":{"start":{"line":5,"column":13},"end":{"line":5,"column":27}},"11":{"start":{"line":15,"column":23},"end":{"line":17,"column":2}},"12":{"start":{"line":15,"column":42},"end":{"line":17,"column":2}},"13":{"start":{"line":16,"column":4},"end":{"line":16,"column":56}},"14":{"start":{"line":15,"column":13},"end":{"line":15,"column":23}}},"fnMap":{"0":{"name":"(anonymous_0)","decl":{"start":{"line":5,"column":27},"end":{"line":5,"column":36}},"loc":{"start":{"line":5,"column":38},"end":{"line":13,"column":2}}},"1":{"name":"(anonymous_1)","decl":{"start":{"line":5,"column":38},"end":{"line":5,"column":null}},"loc":{"start":{"line":5,"column":38},"end":{"line":13,"column":1}}},"2":{"name":"(anonymous_2)","decl":{"start":{"line":15,"column":23},"end":{"line":15,"column":30}},"loc":{"start":{"line":15,"column":42},"end":{"line":17,"column":2}}},"3":{"name":"(anonymous_3)","decl":{"start":{"line":15,"column":42},"end":{"line":15,"column":null}},"loc":{"start":{"line":15,"column":42},"end":{"line":17,"column":1}}}},"branchMap":{},"s":{"0":4,"1":4,"2":4,"3":4,"4":11,"5":11,"6":11,"7":8,"8":3,"9":3,"10":4,"11":4,"12":5,"13":5,"14":4},"f":{"0":11,"1":11,"2":5,"3":5},"b":{}}
,"/Users/jemin/Desktop/JEMIN/XanPool/currency-converter/server/utils/currencyConverterUtil.ts": {"path":"/Users/jemin/Desktop/JEMIN/XanPool/currency-converter/server/utils/currencyConverterUtil.ts","statementMap":{"0":{"start":{"line":1,"column":29},"end":{"line":6,"column":1}},"1":{"start":{"line":2,"column":4},"end":{"line":4,"column":null}},"2":{"start":{"line":3,"column":8},"end":{"line":3,"column":25}},"3":{"start":{"line":5,"column":4},"end":{"line":5,"column":54}},"4":{"start":{"line":1,"column":13},"end":{"line":1,"column":29}},"5":{"start":{"line":8,"column":30},"end":{"line":10,"column":1}},"6":{"start":{"line":9,"column":4},"end":{"line":9,"column":33}},"7":{"start":{"line":8,"column":13},"end":{"line":8,"column":30}}},"fnMap":{"0":{"name":"(anonymous_0)","decl":{"start":{"line":1,"column":29},"end":{"line":1,"column":30}},"loc":{"start":{"line":1,"column":49},"end":{"line":6,"column":1}}},"1":{"name":"(anonymous_1)","decl":{"start":{"line":8,"column":30},"end":{"line":8,"column":31}},"loc":{"start":{"line":8,"column":39},"end":{"line":10,"column":1}}}},"branchMap":{"0":{"loc":{"start":{"line":2,"column":4},"end":{"line":4,"column":null}},"type":"if","locations":[{"start":{"line":2,"column":4},"end":{"line":4,"column":null}},{"start":{"line":2,"column":4},"end":{"line":4,"column":null}}]}},"s":{"0":5,"1":13,"2":4,"3":9,"4":5,"5":5,"6":11,"7":5},"f":{"0":13,"1":11},"b":{"0":[4,9]}}
}
