TN:
SF:index.ts
FN:20,(anonymous_0)
FNF:1
FNH:1
FNDA:1,(anonymous_0)
DA:6,1
DA:7,1
DA:12,1
DA:13,1
DA:14,1
DA:15,1
DA:20,1
DA:21,1
DA:22,1
DA:23,1
DA:26,1
LF:11
LH:11
BRDA:20,0,0,1
BRDA:20,0,1,0
BRF:2
BRH:1
end_of_record
TN:
SF:config/express.ts
FN:15,(anonymous_0)
FN:20,(anonymous_1)
FN:29,(anonymous_2)
FN:56,(anonymous_3)
FN:60,(anonymous_4)
FNF:5
FNH:5
FNDA:1,(anonymous_0)
FNDA:1,(anonymous_1)
FNDA:4,(anonymous_2)
FNDA:1,(anonymous_3)
FNDA:1,(anonymous_4)
DA:6,1
DA:7,1
DA:8,1
DA:9,1
DA:10,1
DA:11,1
DA:12,1
DA:13,1
DA:17,1
DA:20,1
DA:24,1
DA:28,1
DA:34,4
DA:35,4
DA:37,0
DA:38,0
DA:40,0
DA:42,0
DA:45,1
DA:49,1
DA:50,1
DA:54,1
DA:56,1
DA:57,1
DA:58,1
DA:60,1
DA:61,1
DA:65,1
LF:28
LH:24
BRDA:34,0,0,4
BRDA:34,0,1,0
BRDA:37,1,0,0
BRDA:37,1,1,0
BRF:4
BRH:1
end_of_record
TN:
SF:config/index.ts
FNF:0
FNH:0
DA:6,1
DA:7,1
DA:8,1
LF:3
LH:3
BRF:0
BRH:0
end_of_record
TN:
SF:server/constants.ts
FNF:0
FNH:0
DA:1,4
LF:1
LH:1
BRF:0
BRH:0
end_of_record
TN:
SF:server/controllers/CurrencyController.ts
FN:6,(anonymous_0)
FN:10,(anonymous_1)
FNF:2
FNH:2
FNDA:4,(anonymous_0)
FNDA:4,(anonymous_1)
DA:2,2
DA:3,2
DA:4,2
DA:6,2
DA:10,4
DA:11,4
DA:12,4
DA:13,4
DA:14,4
DA:15,3
DA:16,3
DA:17,1
DA:19,2
DA:20,1
DA:21,1
DA:22,1
DA:24,1
DA:26,1
DA:27,1
LF:19
LH:19
BRDA:14,0,0,3
BRDA:14,0,1,1
BRDA:16,1,0,1
BRDA:16,1,1,2
BRF:4
BRH:4
end_of_record
TN:
SF:server/graphql/resolvers/CurrencyConverter.ts
FN:14,(anonymous_0)
FN:14,(anonymous_1)
FNF:2
FNH:2
FNDA:4,(anonymous_0)
FNDA:4,(anonymous_1)
DA:6,1
DA:7,1
DA:8,1
DA:13,1
DA:14,4
DA:15,4
DA:16,4
DA:17,4
DA:18,4
DA:19,3
DA:20,3
DA:21,1
DA:23,2
DA:24,1
DA:25,1
DA:26,1
DA:28,1
DA:30,2
DA:31,2
DA:36,1
LF:20
LH:20
BRDA:18,0,0,3
BRDA:18,0,1,1
BRDA:20,1,0,1
BRDA:20,1,1,2
BRF:4
BRH:4
end_of_record
TN:
SF:server/graphql/resolvers/index.ts
FNF:0
FNH:0
DA:6,1
DA:8,1
DA:15,1
LF:3
LH:3
BRF:0
BRH:0
end_of_record
TN:
SF:server/graphql/schema/index.ts
FNF:0
FNH:0
DA:6,1
DA:8,1
DA:10,1
DA:21,1
DA:26,1
LF:5
LH:5
BRF:0
BRH:0
end_of_record
TN:
SF:server/router/router.ts
FNF:0
FNH:0
DA:1,2
DA:2,2
DA:4,2
DA:6,2
LF:4
LH:4
BRF:0
BRH:0
end_of_record
TN:
SF:server/service/CacheService.ts
FN:12,(anonymous_0)
FN:16,(anonymous_1)
FN:21,(anonymous_2)
FN:21,(anonymous_3)
FN:24,(anonymous_4)
FN:24,(anonymous_5)
FNF:6
FNH:6
FNDA:9,(anonymous_0)
FNDA:22,(anonymous_1)
FNDA:4,(anonymous_2)
FNDA:4,(anonymous_3)
FNDA:8,(anonymous_4)
FNDA:8,(anonymous_5)
DA:1,3
DA:2,3
DA:8,3
DA:10,3
DA:12,3
DA:13,9
DA:16,3
DA:17,22
DA:18,22
DA:21,4
DA:22,4
DA:23,4
DA:24,8
DA:25,8
DA:26,8
DA:27,8
DA:28,8
LF:17
LH:17
BRF:0
BRH:0
end_of_record
TN:
SF:server/service/CurrencyConverterService.ts
FN:5,(anonymous_0)
FN:5,(anonymous_1)
FN:15,(anonymous_2)
FN:15,(anonymous_3)
FNF:4
FNH:4
FNDA:11,(anonymous_0)
FNDA:11,(anonymous_1)
FNDA:5,(anonymous_2)
FNDA:5,(anonymous_3)
DA:1,4
DA:2,4
DA:3,4
DA:5,11
DA:6,11
DA:7,11
DA:8,8
DA:10,3
DA:11,3
DA:15,5
DA:16,5
LF:11
LH:11
BRF:0
BRH:0
end_of_record
TN:
SF:server/utils/currencyConverterUtil.ts
FN:1,(anonymous_0)
FN:8,(anonymous_1)
FNF:2
FNH:2
FNDA:13,(anonymous_0)
FNDA:11,(anonymous_1)
DA:1,5
DA:2,13
DA:3,4
DA:5,9
DA:8,5
DA:9,11
LF:6
LH:6
BRDA:2,0,0,4
BRDA:2,0,1,9
BRF:2
BRH:2
end_of_record
